<?xml version="1.0" encoding="UTF-8"?>
<testng-results skipped="0" failed="0" ignored="0" total="1" passed="1">
  <reporter-output>
  </reporter-output>
  <suite name="Default suite" duration-ms="58464" started-at="2020-04-16T19:32:59 IST" finished-at="2020-04-16T19:33:58 IST">
    <groups>
    </groups>
    <test name="Default test" duration-ms="58464" started-at="2020-04-16T19:32:59 IST" finished-at="2020-04-16T19:33:58 IST">
      <class name="com.Git.Base.Check_Capability">
        <test-method status="PASS" signature="check1()[pri:0, instance:com.Git.Base.Check_Capability@3e57cd70]" name="check1" is-config="true" duration-ms="40017" started-at="2020-04-16T19:32:59 IST" finished-at="2020-04-16T19:33:39 IST">
          <reporter-output>
          </reporter-output>
        </test-method> <!-- check1 -->
        <test-method status="PASS" signature="test()[pri:0, instance:com.Git.Base.Check_Capability@3e57cd70]" name="test" duration-ms="18194" started-at="2020-04-16T19:33:40 IST" finished-at="2020-04-16T19:33:58 IST">
          <reporter-output>
          </reporter-output>
        </test-method> <!-- test -->
      </class> <!-- com.Git.Base.Check_Capability -->
    </test> <!-- Default test -->
  </suite> <!-- Default suite -->
</testng-results>
